[0430/225822.217:ERROR:process_memory_win.cc(73)] ReadMemory at 0x7ff7639d0000 of 64 bytes failed: Only part of a ReadProcessMemory or WriteProcessMemory request was completed. (0x12B)
[0430/225822.772:WARNING:pe_image_reader.cc(340)] could not read dos header from C:\Program Files (x86)\Google\Chrome\Application\chrome.exe
[0430/225822.772:ERROR:process_memory_win.cc(73)] ReadMemory at 0x7ffbd8040000 of 64 bytes failed: Only part of a ReadProcessMemory or WriteProcessMemory request was completed. (0x12B)
[0430/225822.772:WARNING:pe_image_reader.cc(340)] could not read dos header from C:\WINDOWS\SYSTEM32\ntdll.dll
[0430/225822.772:ERROR:process_memory_win.cc(73)] ReadMemory at 0x7ffbd7880000 of 64 bytes failed: Only part of a ReadProcessMemory or WriteProcessMemory request was completed. (0x12B)
[0430/225822.787:WARNING:pe_image_reader.cc(340)] could not read dos header from C:\WINDOWS\System32\KERNEL32.DLL
[0430/225822.787:ERROR:process_memory_win.cc(73)] ReadMemory at 0x7ffbd4ff0000 of 64 bytes failed: Only part of a ReadProcessMemory or WriteProcessMemory request was completed. (0x12B)
[0430/225822.787:WARNING:pe_image_reader.cc(340)] could not read dos header from C:\WINDOWS\System32\KERNELBASE.dll
[0430/225822.787:ERROR:process_memory_win.cc(73)] ReadMemory at 0x7ffb9e430000 of 64 bytes failed: Only part of a ReadProcessMemory or WriteProcessMemory request was completed. (0x12B)
[0430/225822.787:WARNING:pe_image_reader.cc(340)] could not read dos header from C:\Program Files (x86)\Google\Chrome\Application\81.0.4044.129\chrome_elf.dll
[0430/225822.787:ERROR:process_memory_win.cc(73)] ReadMemory at 0x7ffbcaf70000 of 64 bytes failed: Only part of a ReadProcessMemory or WriteProcessMemory request was completed. (0x12B)
[0430/225822.787:WARNING:pe_image_reader.cc(340)] could not read dos header from C:\WINDOWS\SYSTEM32\VERSION.dll
[0430/225822.787:ERROR:process_memory_win.cc(73)] ReadMemory at 0x7ffbd7f60000 of 64 bytes failed: Only part of a ReadProcessMemory or WriteProcessMemory request was completed. (0x12B)
[0430/225822.787:WARNING:pe_image_reader.cc(340)] could not read dos header from C:\WINDOWS\System32\msvcrt.dll
[0430/225822.787:ERROR:process_memory_win.cc(73)] ReadMemory at 0x7ffbd5490000 of 64 bytes failed: Only part of a ReadProcessMemory or WriteProcessMemory request was completed. (0x12B)
[0430/225822.793:WARNING:pe_image_reader.cc(340)] could not read dos header from C:\WINDOWS\System32\bcryptPrimitives.dll
[0430/225822.793:ERROR:process_memory_win.cc(73)] ReadMemory at 0x7ffbd6880000 of 64 bytes failed: Only part of a ReadProcessMemory or WriteProcessMemory request was completed. (0x12B)
[0430/225822.793:WARNING:pe_image_reader.cc(340)] could not read dos header from C:\WINDOWS\System32\ADVAPI32.dll
[0430/225822.793:ERROR:process_memory_win.cc(73)] ReadMemory at 0x7ffbd6fb0000 of 64 bytes failed: Only part of a ReadProcessMemory or WriteProcessMemory request was completed. (0x12B)
[0430/225822.793:WARNING:pe_image_reader.cc(340)] could not read dos header from C:\WINDOWS\System32\sechost.dll
[0430/225822.793:ERROR:process_memory_win.cc(73)] ReadMemory at 0x7ffbd6760000 of 64 bytes failed: Only part of a ReadProcessMemory or WriteProcessMemory request was completed. (0x12B)
[0430/225822.793:WARNING:pe_image_reader.cc(340)] could not read dos header from C:\WINDOWS\System32\RPCRT4.dll
[0430/225822.793:ERROR:process_memory_win.cc(73)] ReadMemory at 0x7ffb87ae0000 of 64 bytes failed: Only part of a ReadProcessMemory or WriteProcessMemory request was completed. (0x12B)
[0430/225822.793:WARNING:pe_image_reader.cc(340)] could not read dos header from C:\Program Files (x86)\Google\Chrome\Application\81.0.4044.129\chrome.dll
[0430/225822.793:ERROR:process_memory_win.cc(73)] ReadMemory at 0x7ffbd7a10000 of 64 bytes failed: Only part of a ReadProcessMemory or WriteProcessMemory request was completed. (0x12B)
[0430/225822.793:WARNING:pe_image_reader.cc(340)] could not read dos header from C:\WINDOWS\System32\WS2_32.dll
[0430/225822.793:ERROR:process_memory_win.cc(73)] ReadMemory at 0x22a5b950000 of 64 bytes failed: Only part of a ReadProcessMemory or WriteProcessMemory request was completed. (0x12B)
[0430/225822.793:WARNING:pe_image_reader.cc(340)] could not read dos header from C:\WINDOWS\System32\OLEAUT32.dll
[0430/225822.793:ERROR:process_memory_win.cc(73)] ReadMemory at 0x7ffbd6050000 of 64 bytes failed: Only part of a ReadProcessMemory or WriteProcessMemory request was completed. (0x12B)
[0430/225822.793:WARNING:pe_image_reader.cc(340)] could not read dos header from C:\WINDOWS\System32\msvcp_win.dll
[0430/225822.793:ERROR:process_memory_win.cc(73)] ReadMemory at 0x7ffbd5e00000 of 64 bytes failed: Only part of a ReadProcessMemory or WriteProcessMemory request was completed. (0x12B)
[0430/225822.793:WARNING:pe_image_reader.cc(340)] could not read dos header from C:\WINDOWS\System32\ucrtbase.dll
[0430/225822.793:ERROR:process_memory_win.cc(73)] ReadMemory at 0x7ffbd7a80000 of 64 bytes failed: Only part of a ReadProcessMemory or WriteProcessMemory request was completed. (0x12B)
[0430/225822.793:WARNING:pe_image_reader.cc(340)] could not read dos header from C:\WINDOWS\System32\combase.dll
[0430/225822.793:ERROR:process_memory_win.cc(73)] ReadMemory at 0x7ffbd5540000 of 64 bytes failed: Only part of a ReadProcessMemory or WriteProcessMemory request was completed. (0x12B)
[0430/225822.793:WARNING:pe_image_reader.cc(340)] could not read dos header from C:\WINDOWS\System32\WINTRUST.dll
[0430/225822.794:ERROR:process_memory_win.cc(73)] ReadMemory at 0x7ffbd4fb0000 of 64 bytes failed: Only part of a ReadProcessMemory or WriteProcessMemory request was completed. (0x12B)
[0430/225822.794:WARNING:pe_image_reader.cc(340)] could not read dos header from C:\WINDOWS\System32\MSASN1.dll
[0430/225822.794:ERROR:process_memory_win.cc(73)] ReadMemory at 0x7ffbd5f00000 of 64 bytes failed: Only part of a ReadProcessMemory or WriteProcessMemory request was completed. (0x12B)
[0430/225822.794:WARNING:pe_image_reader.cc(340)] could not read dos header from C:\WINDOWS\System32\CRYPT32.dll
[0430/225822.794:ERROR:process_memory_win.cc(73)] ReadMemory at 0x7ffbd4480000 of 64 bytes failed: Only part of a ReadProcessMemory or WriteProcessMemory request was completed. (0x12B)
[0430/225822.794:WARNING:pe_image_reader.cc(340)] could not read dos header from C:\WINDOWS\SYSTEM32\IPHLPAPI.DLL
[0430/225822.794:ERROR:process_memory_win.cc(73)] ReadMemory at 0x7ffbd2bb0000 of 64 bytes failed: Only part of a ReadProcessMemory or WriteProcessMemory request was completed. (0x12B)
[0430/225822.794:WARNING:pe_image_reader.cc(340)] could not read dos header from C:\WINDOWS\SYSTEM32\WINMM.dll
[0430/225822.794:ERROR:process_memory_win.cc(73)] ReadMemory at 0x7ffbc1f10000 of 64 bytes failed: Only part of a ReadProcessMemory or WriteProcessMemory request was completed. (0x12B)
[0430/225822.794:WARNING:pe_image_reader.cc(340)] could not read dos header from C:\WINDOWS\SYSTEM32\Secur32.dll
[0430/225822.794:ERROR:process_memory_win.cc(73)] ReadMemory at 0x7ffbd4df0000 of 64 bytes failed: Only part of a ReadProcessMemory or WriteProcessMemory request was completed. (0x12B)
[0430/225822.794:WARNING:pe_image_reader.cc(340)] could not read dos header from C:\WINDOWS\SYSTEM32\USERENV.dll
[0430/225822.794:ERROR:process_memory_win.cc(73)] ReadMemory at 0x7ffbd4f10000 of 64 bytes failed: Only part of a ReadProcessMemory or WriteProcessMemory request was completed. (0x12B)
[0430/225822.794:WARNING:pe_image_reader.cc(340)] could not read dos header from C:\WINDOWS\System32\profapi.dll
[0430/225822.794:ERROR:process_memory_win.cc(73)] ReadMemory at 0x7ffbb4770000 of 64 bytes failed: Only part of a ReadProcessMemory or WriteProcessMemory request was completed. (0x12B)
[0430/225822.794:WARNING:pe_image_reader.cc(340)] could not read dos header from C:\WINDOWS\SYSTEM32\UIAutomationCore.DLL
[0430/225822.794:ERROR:process_memory_win.cc(73)] ReadMemory at 0x7ffbbe4a0000 of 64 bytes failed: Only part of a ReadProcessMemory or WriteProcessMemory request was completed. (0x12B)
[0430/225822.794:WARNING:pe_image_reader.cc(340)] could not read dos header from C:\WINDOWS\SYSTEM32\DWrite.dll
[0430/225822.794:ERROR:process_memory_win.cc(73)] ReadMemory at 0x7ffbc9940000 of 64 bytes failed: Only part of a ReadProcessMemory or WriteProcessMemory request was completed. (0x12B)
[0430/225822.794:WARNING:pe_image_reader.cc(340)] could not read dos header from C:\WINDOWS\SYSTEM32\WINSPOOL.DRV
[0430/225822.794:ERROR:process_memory_win.cc(73)] ReadMemory at 0x7ffbd4f90000 of 64 bytes failed: Only part of a ReadProcessMemory or WriteProcessMemory request was completed. (0x12B)
[0430/225822.794:WARNING:pe_image_reader.cc(340)] could not read dos header from C:\WINDOWS\System32\kernel.appcore.dll
[0430/225822.794:ERROR:process_memory_win.cc(73)] ReadMemory at 0x7ffbd5510000 of 64 bytes failed: Only part of a ReadProcessMemory or WriteProcessMemory request was completed. (0x12B)
[0430/225822.794:WARNING:pe_image_reader.cc(340)] could not read dos header from C:\WINDOWS\System32\bcrypt.dll
[0430/225822.794:ERROR:process_memory_win.cc(73)] ReadMemory at 0x7ffbc4f50000 of 64 bytes failed: Only part of a ReadProcessMemory or WriteProcessMemory request was completed. (0x12B)
[0430/225822.794:WARNING:pe_image_reader.cc(340)] could not read dos header from C:\WINDOWS\SYSTEM32\dbghelp.dll
[0430/225822.795:ERROR:process_memory_win.cc(73)] ReadMemory at 0x7ffbcf510000 of 64 bytes failed: Only part of a ReadProcessMemory or WriteProcessMemory request was completed. (0x12B)
[0430/225822.795:WARNING:pe_image_reader.cc(340)] could not read dos header from C:\WINDOWS\SYSTEM32\WINHTTP.dll
[0430/225822.795:ERROR:process_memory_win.cc(73)] ReadMemory at 0x7ffbcc380000 of 64 bytes failed: Only part of a ReadProcessMemory or WriteProcessMemory request was completed. (0x12B)
[0430/225822.795:WARNING:pe_image_reader.cc(340)] could not read dos header from C:\WINDOWS\SYSTEM32\dhcpcsvc.DLL
[0430/225822.795:ERROR:process_memory_win.cc(73)] ReadMemory at 0x7ffbd6490000 of 64 bytes failed: Only part of a ReadProcessMemory or WriteProcessMemory request was completed. (0x12B)
[0430/225822.795:WARNING:pe_image_reader.cc(340)] could not read dos header from C:\WINDOWS\System32\NSI.dll
[0430/225822.795:ERROR:process_memory_win.cc(73)] ReadMemory at 0x7ffbd2b80000 of 64 bytes failed: Only part of a ReadProcessMemory or WriteProcessMemory request was completed. (0x12B)
[0430/225822.795:WARNING:pe_image_reader.cc(340)] could not read dos header from C:\WINDOWS\SYSTEM32\WINMMBASE.dll
[0430/225822.795:ERROR:process_memory_win.cc(73)] ReadMemory at 0x7ffbd5440000 of 64 bytes failed: Only part of a ReadProcessMemory or WriteProcessMemory request was completed. (0x12B)
[0430/225822.795:WARNING:pe_image_reader.cc(340)] could not read dos header from C:\WINDOWS\System32\cfgmgr32.dll
[0430/225822.795:ERROR:process_memory_win.cc(73)] ReadMemory at 0x7ffbd11d0000 of 64 bytes failed: Only part of a ReadProcessMemory or WriteProcessMemory request was completed. (0x12B)
[0430/225822.795:WARNING:pe_image_reader.cc(340)] could not read dos header from C:\WINDOWS\SYSTEM32\PROPSYS.dll
[0430/225822.795:ERROR:process_memory_win.cc(73)] ReadMemory at 0x7ffbd69e0000 of 64 bytes failed: Only part of a ReadProcessMemory or WriteProcessMemory request was completed. (0x12B)
[0430/225822.795:WARNING:pe_image_reader.cc(340)] could not read dos header from C:\WINDOWS\System32\shcore.dll
[0430/225822.795:ERROR:process_memory_win.cc(73)] ReadMemory at 0x7ffbd4e20000 of 64 bytes failed: Only part of a ReadProcessMemory or WriteProcessMemory request was completed. (0x12B)
[0430/225822.795:WARNING:pe_image_reader.cc(340)] could not read dos header from C:\WINDOWS\SYSTEM32\SSPICLI.DLL
[0430/225822.795:ERROR:process_memory_win.cc(73)] ReadMemory at 0x7ffbd4940000 of 64 bytes failed: Only part of a ReadProcessMemory or WriteProcessMemory request was completed. (0x12B)
[0430/225822.795:WARNING:pe_image_reader.cc(340)] could not read dos header from C:\WINDOWS\SYSTEM32\CRYPTBASE.DLL
[0430/225822.814:ERROR:process_memory_win.cc(73)] ReadMemory at 0x7ff7639d0000 of 64 bytes failed: Only part of a ReadProcessMemory or WriteProcessMemory request was completed. (0x12B)
[0430/225822.814:WARNING:pe_image_reader.cc(340)] could not read dos header from C:\Program Files (x86)\Google\Chrome\Application\chrome.exe
[0430/225822.814:ERROR:process_memory_win.cc(73)] ReadMemory at 0x7ffbd8040000 of 64 bytes failed: Only part of a ReadProcessMemory or WriteProcessMemory request was completed. (0x12B)
[0430/225822.814:WARNING:pe_image_reader.cc(340)] could not read dos header from C:\WINDOWS\SYSTEM32\ntdll.dll
[0430/225822.814:ERROR:process_memory_win.cc(73)] ReadMemory at 0x7ffbd7880000 of 64 bytes failed: Only part of a ReadProcessMemory or WriteProcessMemory request was completed. (0x12B)
[0430/225822.814:WARNING:pe_image_reader.cc(340)] could not read dos header from C:\WINDOWS\System32\KERNEL32.DLL
[0430/225822.814:ERROR:process_memory_win.cc(73)] ReadMemory at 0x7ffbd4ff0000 of 64 bytes failed: Only part of a ReadProcessMemory or WriteProcessMemory request was completed. (0x12B)
[0430/225822.814:WARNING:pe_image_reader.cc(340)] could not read dos header from C:\WINDOWS\System32\KERNELBASE.dll
[0430/225822.814:ERROR:process_memory_win.cc(73)] ReadMemory at 0x7ffb9e430000 of 64 bytes failed: Only part of a ReadProcessMemory or WriteProcessMemory request was completed. (0x12B)
[0430/225822.814:WARNING:pe_image_reader.cc(340)] could not read dos header from C:\Program Files (x86)\Google\Chrome\Application\81.0.4044.129\chrome_elf.dll
[0430/225822.814:ERROR:process_memory_win.cc(73)] ReadMemory at 0x7ffbcaf70000 of 64 bytes failed: Only part of a ReadProcessMemory or WriteProcessMemory request was completed. (0x12B)
[0430/225822.814:WARNING:pe_image_reader.cc(340)] could not read dos header from C:\WINDOWS\SYSTEM32\VERSION.dll
[0430/225822.814:ERROR:process_memory_win.cc(73)] ReadMemory at 0x7ffbd7f60000 of 64 bytes failed: Only part of a ReadProcessMemory or WriteProcessMemory request was completed. (0x12B)
[0430/225822.814:WARNING:pe_image_reader.cc(340)] could not read dos header from C:\WINDOWS\System32\msvcrt.dll
[0430/225822.814:ERROR:process_memory_win.cc(73)] ReadMemory at 0x7ffbd5490000 of 64 bytes failed: Only part of a ReadProcessMemory or WriteProcessMemory request was completed. (0x12B)
[0430/225822.814:WARNING:pe_image_reader.cc(340)] could not read dos header from C:\WINDOWS\System32\bcryptPrimitives.dll
[0430/225822.814:ERROR:process_memory_win.cc(73)] ReadMemory at 0x7ffbd6880000 of 64 bytes failed: Only part of a ReadProcessMemory or WriteProcessMemory request was completed. (0x12B)
[0430/225822.814:WARNING:pe_image_reader.cc(340)] could not read dos header from C:\WINDOWS\System32\ADVAPI32.dll
[0430/225822.814:ERROR:process_memory_win.cc(73)] ReadMemory at 0x7ffbd6fb0000 of 64 bytes failed: Only part of a ReadProcessMemory or WriteProcessMemory request was completed. (0x12B)
[0430/225822.815:WARNING:pe_image_reader.cc(340)] could not read dos header from C:\WINDOWS\System32\sechost.dll
[0430/225822.815:ERROR:process_memory_win.cc(73)] ReadMemory at 0x7ffbd6760000 of 64 bytes failed: Only part of a ReadProcessMemory or WriteProcessMemory request was completed. (0x12B)
[0430/225822.815:WARNING:pe_image_reader.cc(340)] could not read dos header from C:\WINDOWS\System32\RPCRT4.dll
[0430/225822.815:ERROR:process_memory_win.cc(73)] ReadMemory at 0x7ffb87ae0000 of 64 bytes failed: Only part of a ReadProcessMemory or WriteProcessMemory request was completed. (0x12B)
[0430/225822.815:WARNING:pe_image_reader.cc(340)] could not read dos header from C:\Program Files (x86)\Google\Chrome\Application\81.0.4044.129\chrome.dll
[0430/225822.815:ERROR:process_memory_win.cc(73)] ReadMemory at 0x7ffbd7a10000 of 64 bytes failed: Only part of a ReadProcessMemory or WriteProcessMemory request was completed. (0x12B)
[0430/225822.815:WARNING:pe_image_reader.cc(340)] could not read dos header from C:\WINDOWS\System32\WS2_32.dll
[0430/225822.815:ERROR:process_memory_win.cc(73)] ReadMemory at 0x22a5b950000 of 64 bytes failed: Only part of a ReadProcessMemory or WriteProcessMemory request was completed. (0x12B)
[0430/225822.815:WARNING:pe_image_reader.cc(340)] could not read dos header from C:\WINDOWS\System32\OLEAUT32.dll
[0430/225822.815:ERROR:process_memory_win.cc(73)] ReadMemory at 0x7ffbd6050000 of 64 bytes failed: Only part of a ReadProcessMemory or WriteProcessMemory request was completed. (0x12B)
[0430/225822.815:WARNING:pe_image_reader.cc(340)] could not read dos header from C:\WINDOWS\System32\msvcp_win.dll
[0430/225822.815:ERROR:process_memory_win.cc(73)] ReadMemory at 0x7ffbd5e00000 of 64 bytes failed: Only part of a ReadProcessMemory or WriteProcessMemory request was completed. (0x12B)
[0430/225822.815:WARNING:pe_image_reader.cc(340)] could not read dos header from C:\WINDOWS\System32\ucrtbase.dll
[0430/225822.815:ERROR:process_memory_win.cc(73)] ReadMemory at 0x7ffbd7a80000 of 64 bytes failed: Only part of a ReadProcessMemory or WriteProcessMemory request was completed. (0x12B)
[0430/225822.815:WARNING:pe_image_reader.cc(340)] could not read dos header from C:\WINDOWS\System32\combase.dll
[0430/225822.816:ERROR:process_memory_win.cc(73)] ReadMemory at 0x7ffbd5540000 of 64 bytes failed: Only part of a ReadProcessMemory or WriteProcessMemory request was completed. (0x12B)
[0430/225822.816:WARNING:pe_image_reader.cc(340)] could not read dos header from C:\WINDOWS\System32\WINTRUST.dll
[0430/225822.816:ERROR:process_memory_win.cc(73)] ReadMemory at 0x7ffbd4fb0000 of 64 bytes failed: Only part of a ReadProcessMemory or WriteProcessMemory request was completed. (0x12B)
[0430/225822.816:WARNING:pe_image_reader.cc(340)] could not read dos header from C:\WINDOWS\System32\MSASN1.dll
[0430/225822.816:ERROR:process_memory_win.cc(73)] ReadMemory at 0x7ffbd5f00000 of 64 bytes failed: Only part of a ReadProcessMemory or WriteProcessMemory request was completed. (0x12B)
[0430/225822.816:WARNING:pe_image_reader.cc(340)] could not read dos header from C:\WINDOWS\System32\CRYPT32.dll
[0430/225822.816:ERROR:process_memory_win.cc(73)] ReadMemory at 0x7ffbd4480000 of 64 bytes failed: Only part of a ReadProcessMemory or WriteProcessMemory request was completed. (0x12B)
[0430/225822.816:WARNING:pe_image_reader.cc(340)] could not read dos header from C:\WINDOWS\SYSTEM32\IPHLPAPI.DLL
[0430/225822.816:ERROR:process_memory_win.cc(73)] ReadMemory at 0x7ffbd2bb0000 of 64 bytes failed: Only part of a ReadProcessMemory or WriteProcessMemory request was completed. (0x12B)
[0430/225822.816:WARNING:pe_image_reader.cc(340)] could not read dos header from C:\WINDOWS\SYSTEM32\WINMM.dll
[0430/225822.816:ERROR:process_memory_win.cc(73)] ReadMemory at 0x7ffbc1f10000 of 64 bytes failed: Only part of a ReadProcessMemory or WriteProcessMemory request was completed. (0x12B)
[0430/225822.816:WARNING:pe_image_reader.cc(340)] could not read dos header from C:\WINDOWS\SYSTEM32\Secur32.dll
[0430/225822.816:ERROR:process_memory_win.cc(73)] ReadMemory at 0x7ffbd4df0000 of 64 bytes failed: Only part of a ReadProcessMemory or WriteProcessMemory request was completed. (0x12B)
[0430/225822.816:WARNING:pe_image_reader.cc(340)] could not read dos header from C:\WINDOWS\SYSTEM32\USERENV.dll
[0430/225822.816:ERROR:process_memory_win.cc(73)] ReadMemory at 0x7ffbd4f10000 of 64 bytes failed: Only part of a ReadProcessMemory or WriteProcessMemory request was completed. (0x12B)
[0430/225822.816:WARNING:pe_image_reader.cc(340)] could not read dos header from C:\WINDOWS\System32\profapi.dll
[0430/225822.816:ERROR:process_memory_win.cc(73)] ReadMemory at 0x7ffbb4770000 of 64 bytes failed: Only part of a ReadProcessMemory or WriteProcessMemory request was completed. (0x12B)
[0430/225822.816:WARNING:pe_image_reader.cc(340)] could not read dos header from C:\WINDOWS\SYSTEM32\UIAutomationCore.DLL
[0430/225822.816:ERROR:process_memory_win.cc(73)] ReadMemory at 0x7ffbbe4a0000 of 64 bytes failed: Only part of a ReadProcessMemory or WriteProcessMemory request was completed. (0x12B)
[0430/225822.816:WARNING:pe_image_reader.cc(340)] could not read dos header from C:\WINDOWS\SYSTEM32\DWrite.dll
[0430/225822.816:ERROR:process_memory_win.cc(73)] ReadMemory at 0x7ffbc9940000 of 64 bytes failed: Only part of a ReadProcessMemory or WriteProcessMemory request was completed. (0x12B)
[0430/225822.816:WARNING:pe_image_reader.cc(340)] could not read dos header from C:\WINDOWS\SYSTEM32\WINSPOOL.DRV
[0430/225822.816:ERROR:process_memory_win.cc(73)] ReadMemory at 0x7ffbd4f90000 of 64 bytes failed: Only part of a ReadProcessMemory or WriteProcessMemory request was completed. (0x12B)
[0430/225822.816:WARNING:pe_image_reader.cc(340)] could not read dos header from C:\WINDOWS\System32\kernel.appcore.dll
[0430/225822.816:ERROR:process_memory_win.cc(73)] ReadMemory at 0x7ffbd5510000 of 64 bytes failed: Only part of a ReadProcessMemory or WriteProcessMemory request was completed. (0x12B)
[0430/225822.816:WARNING:pe_image_reader.cc(340)] could not read dos header from C:\WINDOWS\System32\bcrypt.dll
[0430/225822.816:ERROR:process_memory_win.cc(73)] ReadMemory at 0x7ffbc4f50000 of 64 bytes failed: Only part of a ReadProcessMemory or WriteProcessMemory request was completed. (0x12B)
[0430/225822.816:WARNING:pe_image_reader.cc(340)] could not read dos header from C:\WINDOWS\SYSTEM32\dbghelp.dll
[0430/225822.817:ERROR:process_memory_win.cc(73)] ReadMemory at 0x7ffbcf510000 of 64 bytes failed: Only part of a ReadProcessMemory or WriteProcessMemory request was completed. (0x12B)
[0430/225822.817:WARNING:pe_image_reader.cc(340)] could not read dos header from C:\WINDOWS\SYSTEM32\WINHTTP.dll
[0430/225822.817:ERROR:process_memory_win.cc(73)] ReadMemory at 0x7ffbcc380000 of 64 bytes failed: Only part of a ReadProcessMemory or WriteProcessMemory request was completed. (0x12B)
[0430/225822.817:WARNING:pe_image_reader.cc(340)] could not read dos header from C:\WINDOWS\SYSTEM32\dhcpcsvc.DLL
[0430/225822.817:ERROR:process_memory_win.cc(73)] ReadMemory at 0x7ffbd6490000 of 64 bytes failed: Only part of a ReadProcessMemory or WriteProcessMemory request was completed. (0x12B)
[0430/225822.817:WARNING:pe_image_reader.cc(340)] could not read dos header from C:\WINDOWS\System32\NSI.dll
[0430/225822.817:ERROR:process_memory_win.cc(73)] ReadMemory at 0x7ffbd2b80000 of 64 bytes failed: Only part of a ReadProcessMemory or WriteProcessMemory request was completed. (0x12B)
[0430/225822.817:WARNING:pe_image_reader.cc(340)] could not read dos header from C:\WINDOWS\SYSTEM32\WINMMBASE.dll
[0430/225822.817:ERROR:process_memory_win.cc(73)] ReadMemory at 0x7ffbd5440000 of 64 bytes failed: Only part of a ReadProcessMemory or WriteProcessMemory request was completed. (0x12B)
[0430/225822.817:WARNING:pe_image_reader.cc(340)] could not read dos header from C:\WINDOWS\System32\cfgmgr32.dll
[0430/225822.817:ERROR:process_memory_win.cc(73)] ReadMemory at 0x7ffbd11d0000 of 64 bytes failed: Only part of a ReadProcessMemory or WriteProcessMemory request was completed. (0x12B)
[0430/225822.817:WARNING:pe_image_reader.cc(340)] could not read dos header from C:\WINDOWS\SYSTEM32\PROPSYS.dll
[0430/225822.817:ERROR:process_memory_win.cc(73)] ReadMemory at 0x7ffbd69e0000 of 64 bytes failed: Only part of a ReadProcessMemory or WriteProcessMemory request was completed. (0x12B)
[0430/225822.817:WARNING:pe_image_reader.cc(340)] could not read dos header from C:\WINDOWS\System32\shcore.dll
[0430/225822.817:ERROR:process_memory_win.cc(73)] ReadMemory at 0x7ffbd4e20000 of 64 bytes failed: Only part of a ReadProcessMemory or WriteProcessMemory request was completed. (0x12B)
[0430/225822.817:WARNING:pe_image_reader.cc(340)] could not read dos header from C:\WINDOWS\SYSTEM32\SSPICLI.DLL
[0430/225822.817:ERROR:process_memory_win.cc(73)] ReadMemory at 0x7ffbd4940000 of 64 bytes failed: Only part of a ReadProcessMemory or WriteProcessMemory request was completed. (0x12B)
[0430/225822.817:WARNING:pe_image_reader.cc(340)] could not read dos header from C:\WINDOWS\SYSTEM32\CRYPTBASE.DLL
[0430/225822.817:ERROR:process_memory_win.cc(73)] ReadMemory at 0x7ff7639d0000 of 64 bytes failed: Only part of a ReadProcessMemory or WriteProcessMemory request was completed. (0x12B)
[0430/225822.817:WARNING:pe_image_reader.cc(340)] could not read dos header from C:\Program Files (x86)\Google\Chrome\Application\chrome.exe
[0430/225822.817:ERROR:process_memory_win.cc(73)] ReadMemory at 0x7ffbd8040000 of 64 bytes failed: Only part of a ReadProcessMemory or WriteProcessMemory request was completed. (0x12B)
[0430/225822.817:WARNING:pe_image_reader.cc(340)] could not read dos header from C:\WINDOWS\SYSTEM32\ntdll.dll
[0430/225822.817:ERROR:process_memory_win.cc(73)] ReadMemory at 0x7ffbd7880000 of 64 bytes failed: Only part of a ReadProcessMemory or WriteProcessMemory request was completed. (0x12B)
[0430/225822.817:WARNING:pe_image_reader.cc(340)] could not read dos header from C:\WINDOWS\System32\KERNEL32.DLL
[0430/225822.817:ERROR:process_memory_win.cc(73)] ReadMemory at 0x7ffbd4ff0000 of 64 bytes failed: Only part of a ReadProcessMemory or WriteProcessMemory request was completed. (0x12B)
[0430/225822.817:WARNING:pe_image_reader.cc(340)] could not read dos header from C:\WINDOWS\System32\KERNELBASE.dll
[0430/225822.817:ERROR:process_memory_win.cc(73)] ReadMemory at 0x7ffb9e430000 of 64 bytes failed: Only part of a ReadProcessMemory or WriteProcessMemory request was completed. (0x12B)
[0430/225822.817:WARNING:pe_image_reader.cc(340)] could not read dos header from C:\Program Files (x86)\Google\Chrome\Application\81.0.4044.129\chrome_elf.dll
[0430/225822.818:ERROR:process_memory_win.cc(73)] ReadMemory at 0x7ffbcaf70000 of 64 bytes failed: Only part of a ReadProcessMemory or WriteProcessMemory request was completed. (0x12B)
[0430/225822.818:WARNING:pe_image_reader.cc(340)] could not read dos header from C:\WINDOWS\SYSTEM32\VERSION.dll
[0430/225822.818:ERROR:process_memory_win.cc(73)] ReadMemory at 0x7ffbd7f60000 of 64 bytes failed: Only part of a ReadProcessMemory or WriteProcessMemory request was completed. (0x12B)
[0430/225822.818:WARNING:pe_image_reader.cc(340)] could not read dos header from C:\WINDOWS\System32\msvcrt.dll
[0430/225822.818:ERROR:process_memory_win.cc(73)] ReadMemory at 0x7ffbd5490000 of 64 bytes failed: Only part of a ReadProcessMemory or WriteProcessMemory request was completed. (0x12B)
[0430/225822.818:WARNING:pe_image_reader.cc(340)] could not read dos header from C:\WINDOWS\System32\bcryptPrimitives.dll
[0430/225822.818:ERROR:process_memory_win.cc(73)] ReadMemory at 0x7ffbd6880000 of 64 bytes failed: Only part of a ReadProcessMemory or WriteProcessMemory request was completed. (0x12B)
[0430/225822.818:WARNING:pe_image_reader.cc(340)] could not read dos header from C:\WINDOWS\System32\ADVAPI32.dll
[0430/225822.818:ERROR:process_memory_win.cc(73)] ReadMemory at 0x7ffbd6fb0000 of 64 bytes failed: Only part of a ReadProcessMemory or WriteProcessMemory request was completed. (0x12B)
[0430/225822.818:WARNING:pe_image_reader.cc(340)] could not read dos header from C:\WINDOWS\System32\sechost.dll
[0430/225822.818:ERROR:process_memory_win.cc(73)] ReadMemory at 0x7ffbd6760000 of 64 bytes failed: Only part of a ReadProcessMemory or WriteProcessMemory request was completed. (0x12B)
[0430/225822.818:WARNING:pe_image_reader.cc(340)] could not read dos header from C:\WINDOWS\System32\RPCRT4.dll
[0430/225822.818:ERROR:process_memory_win.cc(73)] ReadMemory at 0x7ffb87ae0000 of 64 bytes failed: Only part of a ReadProcessMemory or WriteProcessMemory request was completed. (0x12B)
[0430/225822.818:WARNING:pe_image_reader.cc(340)] could not read dos header from C:\Program Files (x86)\Google\Chrome\Application\81.0.4044.129\chrome.dll
[0430/225822.818:ERROR:process_memory_win.cc(73)] ReadMemory at 0x7ffbd7a10000 of 64 bytes failed: Only part of a ReadProcessMemory or WriteProcessMemory request was completed. (0x12B)
[0430/225822.818:WARNING:pe_image_reader.cc(340)] could not read dos header from C:\WINDOWS\System32\WS2_32.dll
[0430/225822.818:ERROR:process_memory_win.cc(73)] ReadMemory at 0x22a5b950000 of 64 bytes failed: Only part of a ReadProcessMemory or WriteProcessMemory request was completed. (0x12B)
[0430/225822.818:WARNING:pe_image_reader.cc(340)] could not read dos header from C:\WINDOWS\System32\OLEAUT32.dll
[0430/225822.818:ERROR:process_memory_win.cc(73)] ReadMemory at 0x7ffbd6050000 of 64 bytes failed: Only part of a ReadProcessMemory or WriteProcessMemory request was completed. (0x12B)
[0430/225822.818:WARNING:pe_image_reader.cc(340)] could not read dos header from C:\WINDOWS\System32\msvcp_win.dll
[0430/225822.818:ERROR:process_memory_win.cc(73)] ReadMemory at 0x7ffbd5e00000 of 64 bytes failed: Only part of a ReadProcessMemory or WriteProcessMemory request was completed. (0x12B)
[0430/225822.818:WARNING:pe_image_reader.cc(340)] could not read dos header from C:\WINDOWS\System32\ucrtbase.dll
[0430/225822.818:ERROR:process_memory_win.cc(73)] ReadMemory at 0x7ffbd7a80000 of 64 bytes failed: Only part of a ReadProcessMemory or WriteProcessMemory request was completed. (0x12B)
[0430/225822.818:WARNING:pe_image_reader.cc(340)] could not read dos header from C:\WINDOWS\System32\combase.dll
[0430/225822.818:ERROR:process_memory_win.cc(73)] ReadMemory at 0x7ffbd5540000 of 64 bytes failed: Only part of a ReadProcessMemory or WriteProcessMemory request was completed. (0x12B)
[0430/225822.818:WARNING:pe_image_reader.cc(340)] could not read dos header from C:\WINDOWS\System32\WINTRUST.dll
[0430/225822.818:ERROR:process_memory_win.cc(73)] ReadMemory at 0x7ffbd4fb0000 of 64 bytes failed: Only part of a ReadProcessMemory or WriteProcessMemory request was completed. (0x12B)
[0430/225822.818:WARNING:pe_image_reader.cc(340)] could not read dos header from C:\WINDOWS\System32\MSASN1.dll
[0430/225822.819:ERROR:process_memory_win.cc(73)] ReadMemory at 0x7ffbd5f00000 of 64 bytes failed: Only part of a ReadProcessMemory or WriteProcessMemory request was completed. (0x12B)
[0430/225822.819:WARNING:pe_image_reader.cc(340)] could not read dos header from C:\WINDOWS\System32\CRYPT32.dll
[0430/225822.819:ERROR:process_memory_win.cc(73)] ReadMemory at 0x7ffbd4480000 of 64 bytes failed: Only part of a ReadProcessMemory or WriteProcessMemory request was completed. (0x12B)
[0430/225822.819:WARNING:pe_image_reader.cc(340)] could not read dos header from C:\WINDOWS\SYSTEM32\IPHLPAPI.DLL
[0430/225822.819:ERROR:process_memory_win.cc(73)] ReadMemory at 0x7ffbd2bb0000 of 64 bytes failed: Only part of a ReadProcessMemory or WriteProcessMemory request was completed. (0x12B)
[0430/225822.819:WARNING:pe_image_reader.cc(340)] could not read dos header from C:\WINDOWS\SYSTEM32\WINMM.dll
[0430/225822.819:ERROR:process_memory_win.cc(73)] ReadMemory at 0x7ffbc1f10000 of 64 bytes failed: Only part of a ReadProcessMemory or WriteProcessMemory request was completed. (0x12B)
[0430/225822.819:WARNING:pe_image_reader.cc(340)] could not read dos header from C:\WINDOWS\SYSTEM32\Secur32.dll
[0430/225822.819:ERROR:process_memory_win.cc(73)] ReadMemory at 0x7ffbd4df0000 of 64 bytes failed: Only part of a ReadProcessMemory or WriteProcessMemory request was completed. (0x12B)
[0430/225822.819:WARNING:pe_image_reader.cc(340)] could not read dos header from C:\WINDOWS\SYSTEM32\USERENV.dll
[0430/225822.819:ERROR:process_memory_win.cc(73)] ReadMemory at 0x7ffbd4f10000 of 64 bytes failed: Only part of a ReadProcessMemory or WriteProcessMemory request was completed. (0x12B)
[0430/225822.819:WARNING:pe_image_reader.cc(340)] could not read dos header from C:\WINDOWS\System32\profapi.dll
[0430/225822.819:ERROR:process_memory_win.cc(73)] ReadMemory at 0x7ffbb4770000 of 64 bytes failed: Only part of a ReadProcessMemory or WriteProcessMemory request was completed. (0x12B)
[0430/225822.819:WARNING:pe_image_reader.cc(340)] could not read dos header from C:\WINDOWS\SYSTEM32\UIAutomationCore.DLL
[0430/225822.819:ERROR:process_memory_win.cc(73)] ReadMemory at 0x7ffbbe4a0000 of 64 bytes failed: Only part of a ReadProcessMemory or WriteProcessMemory request was completed. (0x12B)
[0430/225822.819:WARNING:pe_image_reader.cc(340)] could not read dos header from C:\WINDOWS\SYSTEM32\DWrite.dll
[0430/225822.819:ERROR:process_memory_win.cc(73)] ReadMemory at 0x7ffbc9940000 of 64 bytes failed: Only part of a ReadProcessMemory or WriteProcessMemory request was completed. (0x12B)
[0430/225822.819:WARNING:pe_image_reader.cc(340)] could not read dos header from C:\WINDOWS\SYSTEM32\WINSPOOL.DRV
[0430/225822.819:ERROR:process_memory_win.cc(73)] ReadMemory at 0x7ffbd4f90000 of 64 bytes failed: Only part of a ReadProcessMemory or WriteProcessMemory request was completed. (0x12B)
[0430/225822.819:WARNING:pe_image_reader.cc(340)] could not read dos header from C:\WINDOWS\System32\kernel.appcore.dll
[0430/225822.819:ERROR:process_memory_win.cc(73)] ReadMemory at 0x7ffbd5510000 of 64 bytes failed: Only part of a ReadProcessMemory or WriteProcessMemory request was completed. (0x12B)
[0430/225822.819:WARNING:pe_image_reader.cc(340)] could not read dos header from C:\WINDOWS\System32\bcrypt.dll
[0430/225822.819:ERROR:process_memory_win.cc(73)] ReadMemory at 0x7ffbc4f50000 of 64 bytes failed: Only part of a ReadProcessMemory or WriteProcessMemory request was completed. (0x12B)
[0430/225822.819:WARNING:pe_image_reader.cc(340)] could not read dos header from C:\WINDOWS\SYSTEM32\dbghelp.dll
[0430/225822.819:ERROR:process_memory_win.cc(73)] ReadMemory at 0x7ffbcf510000 of 64 bytes failed: Only part of a ReadProcessMemory or WriteProcessMemory request was completed. (0x12B)
[0430/225822.819:WARNING:pe_image_reader.cc(340)] could not read dos header from C:\WINDOWS\SYSTEM32\WINHTTP.dll
[0430/225822.820:ERROR:process_memory_win.cc(73)] ReadMemory at 0x7ffbcc380000 of 64 bytes failed: Only part of a ReadProcessMemory or WriteProcessMemory request was completed. (0x12B)
[0430/225822.820:WARNING:pe_image_reader.cc(340)] could not read dos header from C:\WINDOWS\SYSTEM32\dhcpcsvc.DLL
[0430/225822.820:ERROR:process_memory_win.cc(73)] ReadMemory at 0x7ffbd6490000 of 64 bytes failed: Only part of a ReadProcessMemory or WriteProcessMemory request was completed. (0x12B)
[0430/225822.820:WARNING:pe_image_reader.cc(340)] could not read dos header from C:\WINDOWS\System32\NSI.dll
[0430/225822.820:ERROR:process_memory_win.cc(73)] ReadMemory at 0x7ffbd2b80000 of 64 bytes failed: Only part of a ReadProcessMemory or WriteProcessMemory request was completed. (0x12B)
[0430/225822.820:WARNING:pe_image_reader.cc(340)] could not read dos header from C:\WINDOWS\SYSTEM32\WINMMBASE.dll
[0430/225822.820:ERROR:process_memory_win.cc(73)] ReadMemory at 0x7ffbd5440000 of 64 bytes failed: Only part of a ReadProcessMemory or WriteProcessMemory request was completed. (0x12B)
[0430/225822.820:WARNING:pe_image_reader.cc(340)] could not read dos header from C:\WINDOWS\System32\cfgmgr32.dll
[0430/225822.820:ERROR:process_memory_win.cc(73)] ReadMemory at 0x7ffbd11d0000 of 64 bytes failed: Only part of a ReadProcessMemory or WriteProcessMemory request was completed. (0x12B)
[0430/225822.820:WARNING:pe_image_reader.cc(340)] could not read dos header from C:\WINDOWS\SYSTEM32\PROPSYS.dll
[0430/225822.820:ERROR:process_memory_win.cc(73)] ReadMemory at 0x7ffbd69e0000 of 64 bytes failed: Only part of a ReadProcessMemory or WriteProcessMemory request was completed. (0x12B)
[0430/225822.820:WARNING:pe_image_reader.cc(340)] could not read dos header from C:\WINDOWS\System32\shcore.dll
[0430/225822.820:ERROR:process_memory_win.cc(73)] ReadMemory at 0x7ffbd4e20000 of 64 bytes failed: Only part of a ReadProcessMemory or WriteProcessMemory request was completed. (0x12B)
[0430/225822.820:WARNING:pe_image_reader.cc(340)] could not read dos header from C:\WINDOWS\SYSTEM32\SSPICLI.DLL
[0430/225822.820:ERROR:process_memory_win.cc(73)] ReadMemory at 0x7ffbd4940000 of 64 bytes failed: Only part of a ReadProcessMemory or WriteProcessMemory request was completed. (0x12B)
[0430/225822.820:WARNING:pe_image_reader.cc(340)] could not read dos header from C:\WINDOWS\SYSTEM32\CRYPTBASE.DLL
[0430/225823.175:ERROR:process_memory_win.cc(73)] ReadMemory at 0x84e53eb000 of 86016 bytes failed: Only part of a ReadProcessMemory or WriteProcessMemory request was completed. (0x12B)
[0430/225823.175:ERROR:process_memory_win.cc(73)] ReadMemory at 0x84e5bfd000 of 12288 bytes failed: Only part of a ReadProcessMemory or WriteProcessMemory request was completed. (0x12B)
[0430/225823.175:ERROR:process_memory_win.cc(73)] ReadMemory at 0x84e6bfc000 of 16384 bytes failed: Only part of a ReadProcessMemory or WriteProcessMemory request was completed. (0x12B)
[0430/225823.175:ERROR:process_memory_win.cc(73)] ReadMemory at 0x84e73fc000 of 16384 bytes failed: Only part of a ReadProcessMemory or WriteProcessMemory request was completed. (0x12B)
[0430/225823.175:ERROR:process_memory_win.cc(73)] ReadMemory at 0x84e7bfe000 of 8192 bytes failed: Only part of a ReadProcessMemory or WriteProcessMemory request was completed. (0x12B)
[0430/225823.175:ERROR:process_memory_win.cc(73)] ReadMemory at 0x84e83fd000 of 12288 bytes failed: Only part of a ReadProcessMemory or WriteProcessMemory request was completed. (0x12B)
[0430/225823.175:ERROR:process_memory_win.cc(73)] ReadMemory at 0x84e8bfb000 of 20480 bytes failed: Only part of a ReadProcessMemory or WriteProcessMemory request was completed. (0x12B)
[0430/225823.175:ERROR:process_memory_win.cc(73)] ReadMemory at 0x84e9bfd000 of 12288 bytes failed: Only part of a ReadProcessMemory or WriteProcessMemory request was completed. (0x12B)
[0430/225823.175:ERROR:process_memory_win.cc(73)] ReadMemory at 0x84ea3f5000 of 45056 bytes failed: Only part of a ReadProcessMemory or WriteProcessMemory request was completed. (0x12B)
[0430/225823.175:ERROR:process_memory_win.cc(73)] ReadMemory at 0x84eabf5000 of 45056 bytes failed: Only part of a ReadProcessMemory or WriteProcessMemory request was completed. (0x12B)
[0430/225823.175:ERROR:process_memory_win.cc(73)] ReadMemory at 0x84eb3fd000 of 12288 bytes failed: Only part of a ReadProcessMemory or WriteProcessMemory request was completed. (0x12B)
[0430/225823.175:ERROR:process_memory_win.cc(73)] ReadMemory at 0x84e93fd000 of 12288 bytes failed: Only part of a ReadProcessMemory or WriteProcessMemory request was completed. (0x12B)
[0430/225823.175:ERROR:process_memory_win.cc(73)] ReadMemory at 0x84ebbf7000 of 36864 bytes failed: Only part of a ReadProcessMemory or WriteProcessMemory request was completed. (0x12B)
[0430/225823.175:ERROR:process_memory_win.cc(73)] ReadMemory at 0x84e63fe000 of 8192 bytes failed: Only part of a ReadProcessMemory or WriteProcessMemory request was completed. (0x12B)
[0430/225823.175:ERROR:process_memory_win.cc(73)] ReadMemory at 0x84e4a4f000 of 852 bytes failed: Only part of a ReadProcessMemory or WriteProcessMemory request was completed. (0x12B)
[0430/225823.175:ERROR:process_memory_win.cc(73)] ReadMemory at 0x84e4a50000 of 6024 bytes failed: Only part of a ReadProcessMemory or WriteProcessMemory request was completed. (0x12B)
[0430/225823.175:ERROR:process_memory_win.cc(73)] ReadMemory at 0x84e4a52000 of 6024 bytes failed: Only part of a ReadProcessMemory or WriteProcessMemory request was completed. (0x12B)
[0430/225823.175:ERROR:process_memory_win.cc(73)] ReadMemory at 0x84e4a56000 of 6024 bytes failed: Only part of a ReadProcessMemory or WriteProcessMemory request was completed. (0x12B)
[0430/225823.175:ERROR:process_memory_win.cc(73)] ReadMemory at 0x84e4a58000 of 6024 bytes failed: Only part of a ReadProcessMemory or WriteProcessMemory request was completed. (0x12B)
[0430/225823.175:ERROR:process_memory_win.cc(73)] ReadMemory at 0x84e4a5a000 of 6024 bytes failed: Only part of a ReadProcessMemory or WriteProcessMemory request was completed. (0x12B)
[0430/225823.175:ERROR:process_memory_win.cc(73)] ReadMemory at 0x84e4a5c000 of 6024 bytes failed: Only part of a ReadProcessMemory or WriteProcessMemory request was completed. (0x12B)
[0430/225823.175:ERROR:process_memory_win.cc(73)] ReadMemory at 0x84e4a5e000 of 6024 bytes failed: Only part of a ReadProcessMemory or WriteProcessMemory request was completed. (0x12B)
[0430/225823.175:ERROR:process_memory_win.cc(73)] ReadMemory at 0x84e4a62000 of 6024 bytes failed: Only part of a ReadProcessMemory or WriteProcessMemory request was completed. (0x12B)
[0430/225823.175:ERROR:process_memory_win.cc(73)] ReadMemory at 0x84e4a64000 of 6024 bytes failed: Only part of a ReadProcessMemory or WriteProcessMemory request was completed. (0x12B)
[0430/225823.175:ERROR:process_memory_win.cc(73)] ReadMemory at 0x84e4a66000 of 6024 bytes failed: Only part of a ReadProcessMemory or WriteProcessMemory request was completed. (0x12B)
[0430/225823.175:ERROR:process_memory_win.cc(73)] ReadMemory at 0x84e4a68000 of 6024 bytes failed: Only part of a ReadProcessMemory or WriteProcessMemory request was completed. (0x12B)
[0430/225823.175:ERROR:process_memory_win.cc(73)] ReadMemory at 0x84e4a6e000 of 6024 bytes failed: Only part of a ReadProcessMemory or WriteProcessMemory request was completed. (0x12B)
[0430/225823.175:ERROR:process_memory_win.cc(73)] ReadMemory at 0x84e4a98000 of 6024 bytes failed: Only part of a ReadProcessMemory or WriteProcessMemory request was completed. (0x12B)
[0430/225823.175:ERROR:process_memory_win.cc(73)] ReadMemory at 0x84e4aa0000 of 6024 bytes failed: Only part of a ReadProcessMemory or WriteProcessMemory request was completed. (0x12B)
[0430/225823.191:ERROR:process_memory_win.cc(73)] ReadMemory at 0x22a5b6c0750 of 80 bytes failed: Only part of a ReadProcessMemory or WriteProcessMemory request was completed. (0x12B)
[0430/225823.191:ERROR:process_memory_win.cc(73)] ReadMemory at 0x22a5b6c0fe0 of 3942 bytes failed: Only part of a ReadProcessMemory or WriteProcessMemory request was completed. (0x12B)
[0430/225823.191:ERROR:process_memory_win.cc(73)] ReadMemory at 0x22a5b6c1f50 of 1012 bytes failed: Only part of a ReadProcessMemory or WriteProcessMemory request was completed. (0x12B)
[0430/225823.191:ERROR:process_memory_win.cc(73)] ReadMemory at 0x22a5b6c2598 of 118 bytes failed: Only part of a ReadProcessMemory or WriteProcessMemory request was completed. (0x12B)
[0430/225823.191:ERROR:process_memory_win.cc(73)] ReadMemory at 0x22a5b6c2610 of 752 bytes failed: Only part of a ReadProcessMemory or WriteProcessMemory request was completed. (0x12B)
[0430/225823.191:ERROR:process_memory_win.cc(73)] ReadMemory at 0x22a5b6c2902 of 118 bytes failed: Only part of a ReadProcessMemory or WriteProcessMemory request was completed. (0x12B)
[0430/225823.192:ERROR:process_memory_win.cc(73)] ReadMemory at 0x22a5b6c297a of 100 bytes failed: Only part of a ReadProcessMemory or WriteProcessMemory request was completed. (0x12B)
[0430/225823.192:ERROR:process_memory_win.cc(73)] ReadMemory at 0x22a5b6c29f0 of 58 bytes failed: Only part of a ReadProcessMemory or WriteProcessMemory request was completed. (0x12B)
[0430/225823.192:ERROR:process_memory_win.cc(73)] ReadMemory at 0x22a5b6c2af0 of 132 bytes failed: Only part of a ReadProcessMemory or WriteProcessMemory request was completed. (0x12B)
[0430/225823.192:ERROR:process_memory_win.cc(73)] ReadMemory at 0x22a5b6c2c80 of 132 bytes failed: Only part of a ReadProcessMemory or WriteProcessMemory request was completed. (0x12B)
[0430/225823.192:ERROR:process_memory_win.cc(73)] ReadMemory at 0x22a5b6c2e40 of 126 bytes failed: Only part of a ReadProcessMemory or WriteProcessMemory request was completed. (0x12B)
[0430/225823.242:ERROR:process_memory_win.cc(73)] ReadMemory at 0x22a5b6c3220 of 132 bytes failed: Only part of a ReadProcessMemory or WriteProcessMemory request was completed. (0x12B)
[0430/225823.242:ERROR:process_memory_win.cc(73)] ReadMemory at 0x22a5b6c33b0 of 64 bytes failed: Only part of a ReadProcessMemory or WriteProcessMemory request was completed. (0x12B)
[0430/225823.242:ERROR:process_memory_win.cc(73)] ReadMemory at 0x22a5b6c3570 of 132 bytes failed: Only part of a ReadProcessMemory or WriteProcessMemory request was completed. (0x12B)
[0430/225823.242:ERROR:process_memory_win.cc(73)] ReadMemory at 0x22a5b6c3810 of 132 bytes failed: Only part of a ReadProcessMemory or WriteProcessMemory request was completed. (0x12B)
[0430/225823.242:ERROR:process_memory_win.cc(73)] ReadMemory at 0x22a5b6c39a0 of 68 bytes failed: Only part of a ReadProcessMemory or WriteProcessMemory request was completed. (0x12B)
[0430/225823.242:ERROR:process_memory_win.cc(73)] ReadMemory at 0x22a5b6c4a70 of 132 bytes failed: Only part of a ReadProcessMemory or WriteProcessMemory request was completed. (0x12B)
[0430/225823.242:ERROR:process_memory_win.cc(73)] ReadMemory at 0x22a5b6c4c00 of 154 bytes failed: Only part of a ReadProcessMemory or WriteProcessMemory request was completed. (0x12B)
[0430/225823.242:ERROR:process_memory_win.cc(73)] ReadMemory at 0x22a5b6c59d0 of 62 bytes failed: Only part of a ReadProcessMemory or WriteProcessMemory request was completed. (0x12B)
[0430/225823.242:ERROR:process_memory_win.cc(73)] ReadMemory at 0x22a5b6c5a20 of 132 bytes failed: Only part of a ReadProcessMemory or WriteProcessMemory request was completed. (0x12B)
[0430/225823.242:ERROR:process_memory_win.cc(73)] ReadMemory at 0x22a5b6c5fe0 of 132 bytes failed: Only part of a ReadProcessMemory or WriteProcessMemory request was completed. (0x12B)
[0430/225823.242:ERROR:process_memory_win.cc(73)] ReadMemory at 0x22a5b6c6110 of 60 bytes failed: Only part of a ReadProcessMemory or WriteProcessMemory request was completed. (0x12B)
[0430/225823.242:ERROR:process_memory_win.cc(73)] ReadMemory at 0x22a5b6c7e40 of 132 bytes failed: Only part of a ReadProcessMemory or WriteProcessMemory request was completed. (0x12B)
[0430/225823.242:ERROR:process_memory_win.cc(73)] ReadMemory at 0x22a5b6caf70 of 64 bytes failed: Only part of a ReadProcessMemory or WriteProcessMemory request was completed. (0x12B)
[0430/225823.242:ERROR:process_memory_win.cc(73)] ReadMemory at 0x22a5b6cafc0 of 60 bytes failed: Only part of a ReadProcessMemory or WriteProcessMemory request was completed. (0x12B)
[0430/225823.242:ERROR:process_memory_win.cc(73)] ReadMemory at 0x22a5b6cb060 of 62 bytes failed: Only part of a ReadProcessMemory or WriteProcessMemory request was completed. (0x12B)
[0430/225823.242:ERROR:process_memory_win.cc(73)] ReadMemory at 0x22a5b6cb100 of 60 bytes failed: Only part of a ReadProcessMemory or WriteProcessMemory request was completed. (0x12B)
[0430/225823.242:ERROR:process_memory_win.cc(73)] ReadMemory at 0x22a5b6cb240 of 64 bytes failed: Only part of a ReadProcessMemory or WriteProcessMemory request was completed. (0x12B)
[0430/225823.242:ERROR:process_memory_win.cc(73)] ReadMemory at 0x22a5b6cb2e0 of 66 bytes failed: Only part of a ReadProcessMemory or WriteProcessMemory request was completed. (0x12B)
[0430/225823.242:ERROR:process_memory_win.cc(73)] ReadMemory at 0x22a5b6cb330 of 64 bytes failed: Only part of a ReadProcessMemory or WriteProcessMemory request was completed. (0x12B)
[0430/225823.242:ERROR:process_memory_win.cc(73)] ReadMemory at 0x22a5b6cb380 of 62 bytes failed: Only part of a ReadProcessMemory or WriteProcessMemory request was completed. (0x12B)
[0430/225823.242:ERROR:process_memory_win.cc(73)] ReadMemory at 0x22a5b6cb3d0 of 64 bytes failed: Only part of a ReadProcessMemory or WriteProcessMemory request was completed. (0x12B)
[0430/225823.242:ERROR:process_memory_win.cc(73)] ReadMemory at 0x22a5b6cb720 of 132 bytes failed: Only part of a ReadProcessMemory or WriteProcessMemory request was completed. (0x12B)
[0430/225823.242:ERROR:process_memory_win.cc(73)] ReadMemory at 0x22a5b6cba40 of 132 bytes failed: Only part of a ReadProcessMemory or WriteProcessMemory request was completed. (0x12B)
[0430/225823.242:ERROR:process_memory_win.cc(73)] ReadMemory at 0x22a5b6cbc60 of 132 bytes failed: Only part of a ReadProcessMemory or WriteProcessMemory request was completed. (0x12B)
[0430/225823.242:ERROR:process_memory_win.cc(73)] ReadMemory at 0x22a5b6cbfc0 of 132 bytes failed: Only part of a ReadProcessMemory or WriteProcessMemory request was completed. (0x12B)
[0430/225823.242:ERROR:process_memory_win.cc(73)] ReadMemory at 0x22a5b6cc9e0 of 132 bytes failed: Only part of a ReadProcessMemory or WriteProcessMemory request was completed. (0x12B)
[0430/225823.242:ERROR:process_memory_win.cc(73)] ReadMemory at 0x22a5b6cdf90 of 54 bytes failed: Only part of a ReadProcessMemory or WriteProcessMemory request was completed. (0x12B)
[0430/225823.242:ERROR:process_memory_win.cc(73)] ReadMemory at 0x22a5b6cf220 of 132 bytes failed: Only part of a ReadProcessMemory or WriteProcessMemory request was completed. (0x12B)
[0430/225823.242:ERROR:process_memory_win.cc(73)] ReadMemory at 0x22a5b6cf730 of 132 bytes failed: Only part of a ReadProcessMemory or WriteProcessMemory request was completed. (0x12B)
[0430/225823.242:ERROR:process_memory_win.cc(73)] ReadMemory at 0x22a5b6d2de0 of 132 bytes failed: Only part of a ReadProcessMemory or WriteProcessMemory request was completed. (0x12B)
[0430/225823.242:ERROR:process_memory_win.cc(73)] ReadMemory at 0x22a5b6d2f10 of 146 bytes failed: Only part of a ReadProcessMemory or WriteProcessMemory request was completed. (0x12B)
[0430/225823.242:ERROR:process_memory_win.cc(73)] ReadMemory at 0x22a5b6d3000 of 132 bytes failed: Only part of a ReadProcessMemory or WriteProcessMemory request was completed. (0x12B)
[0430/225823.242:ERROR:process_memory_win.cc(73)] ReadMemory at 0x22a5b6d3130 of 132 bytes failed: Only part of a ReadProcessMemory or WriteProcessMemory request was completed. (0x12B)
[0430/225823.242:ERROR:process_memory_win.cc(73)] ReadMemory at 0x22a5b6d3260 of 132 bytes failed: Only part of a ReadProcessMemory or WriteProcessMemory request was completed. (0x12B)
[0430/225823.242:ERROR:process_memory_win.cc(73)] ReadMemory at 0x22a5b6d3390 of 132 bytes failed: Only part of a ReadProcessMemory or WriteProcessMemory request was completed. (0x12B)
[0430/225823.242:ERROR:process_memory_win.cc(73)] ReadMemory at 0x22a5b6d34c0 of 132 bytes failed: Only part of a ReadProcessMemory or WriteProcessMemory request was completed. (0x12B)
[0430/225823.242:ERROR:process_memory_win.cc(73)] ReadMemory at 0x22a5b6d35f0 of 132 bytes failed: Only part of a ReadProcessMemory or WriteProcessMemory request was completed. (0x12B)
[0430/225823.242:ERROR:process_memory_win.cc(73)] ReadMemory at 0x22a5b6d3720 of 132 bytes failed: Only part of a ReadProcessMemory or WriteProcessMemory request was completed. (0x12B)
[0430/225823.242:ERROR:process_memory_win.cc(73)] ReadMemory at 0x22a5b6d3850 of 132 bytes failed: Only part of a ReadProcessMemory or WriteProcessMemory request was completed. (0x12B)
[0430/225823.242:ERROR:process_memory_win.cc(73)] ReadMemory at 0x22a5b6d3980 of 132 bytes failed: Only part of a ReadProcessMemory or WriteProcessMemory request was completed. (0x12B)
[0430/225823.242:ERROR:process_memory_win.cc(73)] ReadMemory at 0x22a5b6d3ab0 of 132 bytes failed: Only part of a ReadProcessMemory or WriteProcessMemory request was completed. (0x12B)
[0430/225823.242:ERROR:process_memory_win.cc(73)] ReadMemory at 0x22a5b6d3be0 of 132 bytes failed: Only part of a ReadProcessMemory or WriteProcessMemory request was completed. (0x12B)
[0430/225823.242:ERROR:process_memory_win.cc(73)] ReadMemory at 0x22a5b6d3e40 of 132 bytes failed: Only part of a ReadProcessMemory or WriteProcessMemory request was completed. (0x12B)
[0430/225823.242:ERROR:process_memory_win.cc(73)] ReadMemory at 0x22a5b6d42b0 of 76 bytes failed: Only part of a ReadProcessMemory or WriteProcessMemory request was completed. (0x12B)
[0430/225823.242:ERROR:process_memory_win.cc(73)] ReadMemory at 0x22a5b6d4af0 of 80 bytes failed: Only part of a ReadProcessMemory or WriteProcessMemory request was completed. (0x12B)
[0430/225823.242:ERROR:process_memory_win.cc(73)] ReadMemory at 0x22a5b6d5020 of 64 bytes failed: Only part of a ReadProcessMemory or WriteProcessMemory request was completed. (0x12B)
[0430/225823.242:ERROR:process_memory_win.cc(73)] ReadMemory at 0x22a5b6d51b0 of 62 bytes failed: Only part of a ReadProcessMemory or WriteProcessMemory request was completed. (0x12B)
[0430/225823.242:ERROR:process_memory_win.cc(73)] ReadMemory at 0x22a5b6d5340 of 64 bytes failed: Only part of a ReadProcessMemory or WriteProcessMemory request was completed. (0x12B)
[0430/225823.242:ERROR:process_memory_win.cc(73)] ReadMemory at 0x22a5b6d5390 of 64 bytes failed: Only part of a ReadProcessMemory or WriteProcessMemory request was completed. (0x12B)
[0430/225823.242:ERROR:process_memory_win.cc(73)] ReadMemory at 0x22a5b6d5750 of 62 bytes failed: Only part of a ReadProcessMemory or WriteProcessMemory request was completed. (0x12B)
[0430/225823.242:ERROR:process_memory_win.cc(73)] ReadMemory at 0x22a5b6d57a0 of 66 bytes failed: Only part of a ReadProcessMemory or WriteProcessMemory request was completed. (0x12B)
[0430/225823.242:ERROR:process_memory_win.cc(73)] ReadMemory at 0x22a5b6d5840 of 58 bytes failed: Only part of a ReadProcessMemory or WriteProcessMemory request was completed. (0x12B)
[0430/225823.242:ERROR:process_memory_win.cc(73)] ReadMemory at 0x22a5b6d5930 of 62 bytes failed: Only part of a ReadProcessMemory or WriteProcessMemory request was completed. (0x12B)
[0430/225823.242:ERROR:process_memory_win.cc(73)] ReadMemory at 0x22a5b6d5980 of 60 bytes failed: Only part of a ReadProcessMemory or WriteProcessMemory request was completed. (0x12B)
[0430/225823.242:ERROR:process_memory_win.cc(73)] ReadMemory at 0x22a5b6d5a20 of 64 bytes failed: Only part of a ReadProcessMemory or WriteProcessMemory request was completed. (0x12B)
[0430/225823.242:ERROR:process_memory_win.cc(73)] ReadMemory at 0x22a5b6d5b10 of 62 bytes failed: Only part of a ReadProcessMemory or WriteProcessMemory request was completed. (0x12B)
[0430/225823.242:ERROR:process_memory_win.cc(73)] ReadMemory at 0x22a5b6d5c00 of 62 bytes failed: Only part of a ReadProcessMemory or WriteProcessMemory request was completed. (0x12B)
[0430/225823.242:ERROR:process_memory_win.cc(73)] ReadMemory at 0x22a5b6d5cf0 of 62 bytes failed: Only part of a ReadProcessMemory or WriteProcessMemory request was completed. (0x12B)
[0430/225823.242:ERROR:process_memory_win.cc(73)] ReadMemory at 0x22a5b6d5d40 of 62 bytes failed: Only part of a ReadProcessMemory or WriteProcessMemory request was completed. (0x12B)
[0430/225823.242:ERROR:process_memory_win.cc(73)] ReadMemory at 0x22a5b6d5e30 of 62 bytes failed: Only part of a ReadProcessMemory or WriteProcessMemory request was completed. (0x12B)
[0430/225823.242:ERROR:process_memory_win.cc(73)] ReadMemory at 0x22a5b6d5e80 of 60 bytes failed: Only part of a ReadProcessMemory or WriteProcessMemory request was completed. (0x12B)
[0430/225823.242:ERROR:process_memory_win.cc(73)] ReadMemory at 0x22a5b6d5ed0 of 60 bytes failed: Only part of a ReadProcessMemory or WriteProcessMemory request was completed. (0x12B)
[0430/225823.242:ERROR:process_memory_win.cc(73)] ReadMemory at 0x22a5b6d5f20 of 60 bytes failed: Only part of a ReadProcessMemory or WriteProcessMemory request was completed. (0x12B)
[0430/225823.242:ERROR:process_memory_win.cc(73)] ReadMemory at 0x22a5b6d6830 of 132 bytes failed: Only part of a ReadProcessMemory or WriteProcessMemory request was completed. (0x12B)
[0430/225823.242:ERROR:process_memory_win.cc(73)] ReadMemory at 0x22a5b6d6a90 of 132 bytes failed: Only part of a ReadProcessMemory or WriteProcessMemory request was completed. (0x12B)
[0430/225823.242:ERROR:process_memory_win.cc(73)] ReadMemory at 0x22a5b6d6cf0 of 132 bytes failed: Only part of a ReadProcessMemory or WriteProcessMemory request was completed. (0x12B)
[0430/225823.242:ERROR:process_memory_win.cc(73)] ReadMemory at 0x22a5b6d6e20 of 132 bytes failed: Only part of a ReadProcessMemory or WriteProcessMemory request was completed. (0x12B)
[0430/225823.242:ERROR:process_memory_win.cc(73)] ReadMemory at 0x22a5b6d7080 of 132 bytes failed: Only part of a ReadProcessMemory or WriteProcessMemory request was completed. (0x12B)
[0430/225823.242:ERROR:process_memory_win.cc(73)] ReadMemory at 0x22a5b6d71b0 of 132 bytes failed: Only part of a ReadProcessMemory or WriteProcessMemory request was completed. (0x12B)
[0430/225823.242:ERROR:process_memory_win.cc(73)] ReadMemory at 0x22a5b6d7410 of 132 bytes failed: Only part of a ReadProcessMemory or WriteProcessMemory request was completed. (0x12B)
[0430/225823.242:ERROR:process_memory_win.cc(73)] ReadMemory at 0x22a5b6d7540 of 132 bytes failed: Only part of a ReadProcessMemory or WriteProcessMemory request was completed. (0x12B)
[0430/225823.242:ERROR:process_memory_win.cc(73)] ReadMemory at 0x22a5b6d8120 of 132 bytes failed: Only part of a ReadProcessMemory or WriteProcessMemory request was completed. (0x12B)
[0430/225823.242:ERROR:process_memory_win.cc(73)] ReadMemory at 0x22a5b6d84b0 of 132 bytes failed: Only part of a ReadProcessMemory or WriteProcessMemory request was completed. (0x12B)
[0430/225823.257:ERROR:process_memory_win.cc(73)] ReadMemory at 0x22a5b6ecf20 of 512 bytes failed: Only part of a ReadProcessMemory or WriteProcessMemory request was completed. (0x12B)
[0430/225823.257:ERROR:process_memory_win.cc(73)] ReadMemory at 0x22a5b6edde0 of 880 bytes failed: Only part of a ReadProcessMemory or WriteProcessMemory request was completed. (0x12B)
[0430/225823.257:ERROR:process_memory_win.cc(73)] ReadMemory at 0x22a5b800ca0 of 512 bytes failed: Only part of a ReadProcessMemory or WriteProcessMemory request was completed. (0x12B)
[0430/225823.257:ERROR:process_memory_win.cc(73)] ReadMemory at 0x22a5ba61b60 of 512 bytes failed: Only part of a ReadProcessMemory or WriteProcessMemory request was completed. (0x12B)
[0430/225823.257:ERROR:process_memory_win.cc(73)] ReadMemory at 0x22a5ba62f70 of 512 bytes failed: Only part of a ReadProcessMemory or WriteProcessMemory request was completed. (0x12B)
[0430/225823.257:ERROR:process_memory_win.cc(73)] ReadMemory at 0x22a5ba778e0 of 512 bytes failed: Only part of a ReadProcessMemory or WriteProcessMemory request was completed. (0x12B)
[0430/225823.257:ERROR:process_memory_win.cc(73)] ReadMemory at 0x22a5baa2681 of 512 bytes failed: Only part of a ReadProcessMemory or WriteProcessMemory request was completed. (0x12B)
[0430/225823.257:ERROR:process_memory_win.cc(73)] ReadMemory at 0x22a5baa8dc0 of 712 bytes failed: Only part of a ReadProcessMemory or WriteProcessMemory request was completed. (0x12B)
[0430/225823.257:ERROR:process_memory_win.cc(73)] ReadMemory at 0x22a5bfa0000 of 384 bytes failed: Only part of a ReadProcessMemory or WriteProcessMemory request was completed. (0x12B)
[0430/225823.257:ERROR:process_memory_win.cc(73)] ReadMemory at 0x22a5d539700 of 512 bytes failed: Only part of a ReadProcessMemory or WriteProcessMemory request was completed. (0x12B)
[0430/225823.257:ERROR:process_memory_win.cc(73)] ReadMemory at 0x22a5d55da90 of 512 bytes failed: Only part of a ReadProcessMemory or WriteProcessMemory request was completed. (0x12B)
[0430/225823.259:ERROR:process_memory_win.cc(73)] ReadMemory at 0x22a5f2aeb50 of 512 bytes failed: Only part of a ReadProcessMemory or WriteProcessMemory request was completed. (0x12B)
[0430/225823.259:ERROR:process_memory_win.cc(73)] ReadMemory at 0x22a5f3f82a0 of 512 bytes failed: Only part of a ReadProcessMemory or WriteProcessMemory request was completed. (0x12B)
[0430/225823.259:ERROR:process_memory_win.cc(73)] ReadMemory at 0x22a6dd44fa0 of 512 bytes failed: Only part of a ReadProcessMemory or WriteProcessMemory request was completed. (0x12B)
[0430/225823.259:ERROR:process_memory_win.cc(73)] ReadMemory at 0x200edc07e780 of 512 bytes failed: Only part of a ReadProcessMemory or WriteProcessMemory request was completed. (0x12B)
[0430/225823.259:ERROR:process_memory_win.cc(73)] ReadMemory at 0x200ee3545780 of 512 bytes failed: Only part of a ReadProcessMemory or WriteProcessMemory request was completed. (0x12B)
[0430/225823.259:ERROR:process_memory_win.cc(73)] ReadMemory at 0x7ffb8a562631 of 512 bytes failed: Only part of a ReadProcessMemory or WriteProcessMemory request was completed. (0x12B)
[0430/225823.260:ERROR:process_memory_win.cc(73)] ReadMemory at 0x7ffb8cb03cb0 of 512 bytes failed: Only part of a ReadProcessMemory or WriteProcessMemory request was completed. (0x12B)
[0430/225823.260:ERROR:process_memory_win.cc(73)] ReadMemory at 0x7ffb9e457a55 of 512 bytes failed: Only part of a ReadProcessMemory or WriteProcessMemory request was completed. (0x12B)
[0430/225823.260:ERROR:process_memory_win.cc(73)] ReadMemory at 0x7ffb9e458245 of 512 bytes failed: Only part of a ReadProcessMemory or WriteProcessMemory request was completed. (0x12B)
[0430/225823.260:ERROR:process_memory_win.cc(73)] ReadMemory at 0x7ffbd80dc074 of 672 bytes failed: Only part of a ReadProcessMemory or WriteProcessMemory request was completed. (0x12B)
[0430/225823.261:ERROR:process_memory_win.cc(73)] ReadMemory at 0x7ffbd80df924 of 608 bytes failed: Only part of a ReadProcessMemory or WriteProcessMemory request was completed. (0x12B)
[0430/225823.261:ERROR:process_memory_win.cc(73)] ReadMemory at 0x7ffbd816c428 of 18 bytes failed: Only part of a ReadProcessMemory or WriteProcessMemory request was completed. (0x12B)
[0430/225823.261:ERROR:process_memory_win.cc(73)] ReadMemory at 0x7ffbd819f4f8 of 40 bytes failed: Only part of a ReadProcessMemory or WriteProcessMemory request was completed. (0x12B)
[0430/225823.261:ERROR:process_memory_win.cc(73)] ReadMemory at 0x7ffbd819f978 of 48 bytes failed: Only part of a ReadProcessMemory or WriteProcessMemory request was completed. (0x12B)
[0430/225823.261:ERROR:process_memory_win.cc(73)] ReadMemory at 0x7ffbd81a53c0 of 64 bytes failed: Only part of a ReadProcessMemory or WriteProcessMemory request was completed. (0x12B)
[0430/225823.265:ERROR:scoped_process_suspend.cc(40)] NtResumeProcess: An attempt was made to access an exiting process. (0xc000010a)
